0 info it worked if it ends with ok
1 verbose cli [ 'E:\\nvm\\nvm\\v10.16.1\\node.exe',
1 verbose cli   'E:\\nvm\\nvm\\v10.16.1\\node_modules\\npm\\bin\\npm-cli.js',
1 verbose cli   'start' ]
2 info using npm@6.9.0
3 info using node@v10.16.1
4 verbose run-script [ 'prestart', 'start', 'poststart' ]
5 info lifecycle chat@1.0.0~prestart: chat@1.0.0
6 info lifecycle chat@1.0.0~start: chat@1.0.0
7 verbose lifecycle chat@1.0.0~start: unsafe-perm in lifecycle true
8 verbose lifecycle chat@1.0.0~start: PATH: E:\nvm\nvm\v10.16.1\node_modules\npm\node_modules\npm-lifecycle\node-gyp-bin;E:\PHPbj\vue\o2019-9-9\ocontact\node_modules\.bin;C:\Users\Administrator.WINDOWS-UHRUDBT\bin;C:\Program Files\Git\mingw64\bin;C:\Program Files\Git\usr\local\bin;C:\Program Files\Git\usr\bin;C:\Program Files\Git\usr\bin;C:\Program Files\Git\mingw64\bin;C:\Program Files\Git\usr\bin;C:\Users\Administrator.WINDOWS-UHRUDBT\bin;C:\Program Files (x86)\Intel\TXE Components\TCS;C:\Program Files\Intel\TXE Components\TCS;C:\Windows\system32;C:\Windows;C:\Windows\System32\Wbem;C:\Windows\System32\WindowsPowerShell\v1.0;C:\Program Files\TortoiseSVN\bin;C:\Program Files\Git\cmd;C:\Program Files\TortoiseGit\bin;E:\nvm\nvm;E:\nodejs;C:\Program Files (x86)\Intel\TXE Components\TCS;C:\Program Files\Intel\TXE Components\TCS;C:\Windows\system32;C:\Windows;C:\Windows\System32\Wbem;C:\Windows\System32\WindowsPowerShell\v1.0;C:\Program Files\TortoiseSVN\bin;C:\Program Files\Git\cmd;C:\Program Files\TortoiseGit\bin;E:\nvm\nvm;E:\nodejs;E:\nvm\nvm\v10.16.1;C:\Users\Administrator.WINDOWS-UHRUDBT\AppData\Local\Programs\Microsoft VS Code\bin;E:\nvm\node_global;C:\Program Files\Git\usr\bin\vendor_perl;C:\Program Files\Git\usr\bin\core_perl
9 verbose lifecycle chat@1.0.0~start: CWD: E:\PHPbj\vue\o2019-9-9\ocontact
10 silly lifecycle chat@1.0.0~start: Args: [ '/d /s /c', 'node server.js' ]
11 silly lifecycle chat@1.0.0~start: Returned: code: 3221225786  signal: null
12 info lifecycle chat@1.0.0~start: Failed to exec start script
13 verbose stack Error: chat@1.0.0 start: `node server.js`
13 verbose stack Exit status 3221225786
13 verbose stack     at EventEmitter.<anonymous> (E:\nvm\nvm\v10.16.1\node_modules\npm\node_modules\npm-lifecycle\index.js:301:16)
13 verbose stack     at EventEmitter.emit (events.js:198:13)
13 verbose stack     at ChildProcess.<anonymous> (E:\nvm\nvm\v10.16.1\node_modules\npm\node_modules\npm-lifecycle\lib\spawn.js:55:14)
13 verbose stack     at ChildProcess.emit (events.js:198:13)
13 verbose stack     at maybeClose (internal/child_process.js:982:16)
13 verbose stack     at Process.ChildProcess._handle.onexit (internal/child_process.js:259:5)
14 verbose pkgid chat@1.0.0
15 verbose cwd E:\PHPbj\vue\o2019-9-9\ocontact
16 verbose Windows_NT 6.3.9600
17 verbose argv "E:\\nvm\\nvm\\v10.16.1\\node.exe" "E:\\nvm\\nvm\\v10.16.1\\node_modules\\npm\\bin\\npm-cli.js" "start"
18 verbose node v10.16.1
19 verbose npm  v6.9.0
20 error code ELIFECYCLE
21 error errno 3221225786
22 error chat@1.0.0 start: `node server.js`
22 error Exit status 3221225786
23 error Failed at the chat@1.0.0 start script.
23 error This is probably not a problem with npm. There is likely additional logging output above.
24 verbose exit [ 3221225786, true ]
