0 info it worked if it ends with ok
1 verbose cli [ 'F:\\nodejs\\node.exe',
1 verbose cli   'F:\\nodejs\\node_modules\\npm\\bin\\npm-cli.js',
1 verbose cli   'start' ]
2 info using npm@6.9.0
3 info using node@v10.16.1
4 verbose run-script [ 'prestart', 'start', 'poststart' ]
5 info lifecycle chat@1.0.0~prestart: chat@1.0.0
6 info lifecycle chat@1.0.0~start: chat@1.0.0
7 verbose lifecycle chat@1.0.0~start: unsafe-perm in lifecycle true
8 verbose lifecycle chat@1.0.0~start: PATH: F:\nvm\v10.16.1\node_modules\npm\node_modules\npm-lifecycle\node-gyp-bin;F:\xiti\vuejs\o2019-9-9\ocontact\node_modules\.bin;F:\Ruby25-x64\bin;C:\Windows\system32;C:\Windows;C:\Windows\System32\Wbem;C:\Windows\System32\WindowsPowerShell\v1.0\;F:\Git\cmd;F:\nvm;F:\nodejs;C:\Program Files\Bandizip\;D:\FENG\Microsoft VS Code\bin;C:\phpStudy\PHPTutorial\MySQL\bin;F:\nvm;F:\nodejs;F:\nodejs\node_modules;F:\nvm\node_global\node_modules;F:\nvm\node_global\node_modules\gulp;F:\nvm\node_global;
9 verbose lifecycle chat@1.0.0~start: CWD: F:\xiti\vuejs\o2019-9-9\ocontact
10 silly lifecycle chat@1.0.0~start: Args: [ '/d /s /c', 'node server.js' ]
11 silly lifecycle chat@1.0.0~start: Returned: code: 1  signal: null
12 info lifecycle chat@1.0.0~start: Failed to exec start script
13 verbose stack Error: chat@1.0.0 start: `node server.js`
13 verbose stack Exit status 1
13 verbose stack     at EventEmitter.<anonymous> (F:\nvm\v10.16.1\node_modules\npm\node_modules\npm-lifecycle\index.js:301:16)
13 verbose stack     at EventEmitter.emit (events.js:198:13)
13 verbose stack     at ChildProcess.<anonymous> (F:\nvm\v10.16.1\node_modules\npm\node_modules\npm-lifecycle\lib\spawn.js:55:14)
13 verbose stack     at ChildProcess.emit (events.js:198:13)
13 verbose stack     at maybeClose (internal/child_process.js:982:16)
13 verbose stack     at Process.ChildProcess._handle.onexit (internal/child_process.js:259:5)
14 verbose pkgid chat@1.0.0
15 verbose cwd F:\xiti\vuejs\o2019-9-9\ocontact
16 verbose Windows_NT 6.1.7601
17 verbose argv "F:\\nodejs\\node.exe" "F:\\nodejs\\node_modules\\npm\\bin\\npm-cli.js" "start"
18 verbose node v10.16.1
19 verbose npm  v6.9.0
20 error code ELIFECYCLE
21 error errno 1
22 error chat@1.0.0 start: `node server.js`
22 error Exit status 1
23 error Failed at the chat@1.0.0 start script.
23 error This is probably not a problem with npm. There is likely additional logging output above.
24 verbose exit [ 1, true ]
